<?xml version="1.0" encoding="UTF-8"?>
<!-- Generated by org.testng.reporters.JUnitXMLReporter -->
<testsuite ignored="0" hostname="DESKTOP-9B2JCSO" failures="2" tests="3" name="Default test(failed)" time="18.409" errors="0" timestamp="2023-12-26T12:54:35 IST">
  <testcase classname="org.testngpractice.FBLogin" name="flipkartLaunch" time="6.142">
    <failure type="java.lang.AssertionError" message="expected [true] but found [false]">
      <![CDATA[java.lang.AssertionError: expected [true] but found [false]
at java.base/java.util.ArrayList.forEach(ArrayList.java:1541)
... Removed 32 stack frames]]>
    </failure>
  </testcase> <!-- flipkartLaunch -->
  <testcase classname="org.testngpractice.FBLogin" name="fbLaunch" time="6.287">
    <failure type="java.lang.AssertionError" message="expected [true] but found [false]">
      <![CDATA[java.lang.AssertionError: expected [true] but found [false]
at java.base/java.util.ArrayList.forEach(ArrayList.java:1541)
... Removed 32 stack frames]]>
    </failure>
  </testcase> <!-- fbLaunch -->
  <testcase classname="org.testngpractice.FBLogin" name="fbLaunch" time="5.704"/>
</testsuite> <!-- Default test(failed) -->
