<?xml version="1.0" encoding="UTF-8"?>
<!-- Generated by org.testng.reporters.JUnitXMLReporter -->
<testsuite ignored="0" hostname="DESKTOP-9B2JCSO" failures="0" tests="4" name="Test" time="46.367" errors="0" timestamp="2023-12-25T11:27:24 IST">
  <testcase classname="org.testngpractice.AdactinTest" name="@AfterClass aftClass" time="0.924">
    <failure type="java.lang.AssertionError" message="The following asserts failed:
	expected [true] but found [false],
	expected [Hello sathishgreens123!] but found [Hello sathishgreens234!],
	expected [true] but found [false]">
      <![CDATA[java.lang.AssertionError: The following asserts failed:
expected [true] but found [false],
expected [Hello sathishgreens123!] but found [Hello sathishgreens234!],
expected [true] but found [false]
at java.base/java.util.ArrayList.forEach(ArrayList.java:1541)
... Removed 29 stack frames]]>
    </failure>
  </testcase> <!-- @AfterClass aftClass -->
  <testcase classname="org.testngpractice.FBLogin" name="fbLaunch" time="11.464"/>
  <testcase classname="org.testngpractice.AdactinTest" name="loginPage" time="7.298"/>
  <testcase classname="org.testngpractice.AdactinTest" name="searchHotel" time="2.957"/>
  <testcase classname="org.testngpractice.AmazonTest" name="fbLaunch" time="12.944"/>
</testsuite> <!-- Test -->
